0 info it worked if it ends with ok
1 verbose cli [ 'C:\\Program Files\\nodejs\\node.exe',
1 verbose cli   'C:\\Users\\Clarissa\\AppData\\Roaming\\npm\\node_modules\\npm\\bin\\npm-cli.js',
1 verbose cli   'install',
1 verbose cli   '--save',
1 verbose cli   'bcrypt' ]
2 info using npm@3.3.12
3 info using node@v5.1.1
4 silly loadCurrentTree Starting
5 silly install loadCurrentTree
6 silly install readLocalPackageData
7 silly fetchPackageMetaData bcrypt
8 silly fetchNamedPackageData bcrypt
9 silly mapToRegistry name bcrypt
10 silly mapToRegistry using default registry
11 silly mapToRegistry registry https://registry.npmjs.org/
12 silly mapToRegistry uri https://registry.npmjs.org/bcrypt
13 verbose request uri https://registry.npmjs.org/bcrypt
14 verbose request no auth needed
15 info attempt registry request try #1 at 2:53:42 PM
16 verbose request id f80431b648a32fd2
17 verbose etag "2LUU5DLA9P2HX99BIZXXH031P"
18 http request GET https://registry.npmjs.org/bcrypt
19 http 200 https://registry.npmjs.org/bcrypt
20 verbose headers { server: 'CouchDB/1.5.0 (Erlang OTP/R16B03)',
20 verbose headers   etag: '"9KNGD0F3WBNVLI8JMKNLUA5V5"',
20 verbose headers   'content-type': 'application/json',
20 verbose headers   'cache-control': 'max-age=60',
20 verbose headers   'content-length': '74489',
20 verbose headers   'accept-ranges': 'bytes',
20 verbose headers   date: 'Mon, 07 Dec 2015 12:53:41 GMT',
20 verbose headers   via: '1.1 varnish',
20 verbose headers   age: '0',
20 verbose headers   connection: 'keep-alive',
20 verbose headers   'x-served-by': 'cache-lhr6324-LHR',
20 verbose headers   'x-cache': 'HIT',
20 verbose headers   'x-cache-hits': '1',
20 verbose headers   'x-timer': 'S1449492821.108429,VS0,VE87',
20 verbose headers   vary: 'Accept' }
21 silly get cb [ 200,
21 silly get   { server: 'CouchDB/1.5.0 (Erlang OTP/R16B03)',
21 silly get     etag: '"9KNGD0F3WBNVLI8JMKNLUA5V5"',
21 silly get     'content-type': 'application/json',
21 silly get     'cache-control': 'max-age=60',
21 silly get     'content-length': '74489',
21 silly get     'accept-ranges': 'bytes',
21 silly get     date: 'Mon, 07 Dec 2015 12:53:41 GMT',
21 silly get     via: '1.1 varnish',
21 silly get     age: '0',
21 silly get     connection: 'keep-alive',
21 silly get     'x-served-by': 'cache-lhr6324-LHR',
21 silly get     'x-cache': 'HIT',
21 silly get     'x-cache-hits': '1',
21 silly get     'x-timer': 'S1449492821.108429,VS0,VE87',
21 silly get     vary: 'Accept' } ]
22 verbose get saving bcrypt to C:\Users\Clarissa\AppData\Roaming\npm-cache\registry.npmjs.org\bcrypt\.cache.json
23 silly install normalizeTree
24 silly loadCurrentTree Finishing
25 silly loadIdealTree Starting
26 silly install loadIdealTree
27 silly cloneCurrentTree Starting
28 silly install cloneCurrentTreeToIdealTree
29 silly cloneCurrentTree Finishing
30 silly loadShrinkwrap Starting
31 silly install loadShrinkwrap
32 silly loadShrinkwrap Finishing
33 silly loadAllDepsIntoIdealTree Starting
34 silly install loadAllDepsIntoIdealTree
35 silly resolveWithNewModule bcrypt@0.8.5 checking installable status
36 silly cache add args [ 'bcrypt', null ]
37 verbose cache add spec bcrypt
38 silly cache add parsed spec Result {
38 silly cache add   raw: 'bcrypt',
38 silly cache add   scope: null,
38 silly cache add   name: 'bcrypt',
38 silly cache add   rawSpec: '',
38 silly cache add   spec: '*',
38 silly cache add   type: 'range' }
39 silly addNamed bcrypt@*
40 verbose addNamed "*" is a valid semver range for bcrypt
41 silly addNameRange { name: 'bcrypt', range: '*', hasData: false }
42 silly mapToRegistry name bcrypt
43 silly mapToRegistry using default registry
44 silly mapToRegistry registry https://registry.npmjs.org/
45 silly mapToRegistry uri https://registry.npmjs.org/bcrypt
46 verbose addNameRange registry:https://registry.npmjs.org/bcrypt not in flight; fetching
47 verbose get https://registry.npmjs.org/bcrypt not expired, no request
48 silly addNameRange number 2 { name: 'bcrypt', range: '*', hasData: true }
49 silly addNameRange versions [ 'bcrypt',
49 silly addNameRange   [ '0.1.2',
49 silly addNameRange     '0.2.0',
49 silly addNameRange     '0.2.1',
49 silly addNameRange     '0.1.3',
49 silly addNameRange     '0.2.2',
49 silly addNameRange     '0.2.3',
49 silly addNameRange     '0.2.4',
49 silly addNameRange     '0.3.0',
49 silly addNameRange     '0.3.1',
49 silly addNameRange     '0.3.2',
49 silly addNameRange     '0.4.0',
49 silly addNameRange     '0.4.1',
49 silly addNameRange     '0.5.0',
49 silly addNameRange     '0.6.0',
49 silly addNameRange     '0.7.0',
49 silly addNameRange     '0.7.1',
49 silly addNameRange     '0.7.2',
49 silly addNameRange     '0.7.3',
49 silly addNameRange     '0.7.4',
49 silly addNameRange     '0.7.5',
49 silly addNameRange     '0.7.6',
49 silly addNameRange     '0.7.7',
49 silly addNameRange     '0.7.8',
49 silly addNameRange     '0.8.0',
49 silly addNameRange     '0.8.1',
49 silly addNameRange     '0.8.2',
49 silly addNameRange     '0.8.3',
49 silly addNameRange     '0.8.4',
49 silly addNameRange     '0.8.5' ] ]
50 silly addNamed bcrypt@0.8.5
51 verbose addNamed "0.8.5" is a plain semver version for bcrypt
52 silly cache afterAdd bcrypt@0.8.5
53 verbose afterAdd C:\Users\Clarissa\AppData\Roaming\npm-cache\bcrypt\0.8.5\package\package.json not in flight; writing
54 verbose afterAdd C:\Users\Clarissa\AppData\Roaming\npm-cache\bcrypt\0.8.5\package\package.json written
55 silly fetchNamedPackageData bindings
56 silly mapToRegistry name bindings
57 silly mapToRegistry using default registry
58 silly mapToRegistry registry https://registry.npmjs.org/
59 silly mapToRegistry uri https://registry.npmjs.org/bindings
60 silly fetchNamedPackageData nan
61 silly mapToRegistry name nan
62 silly mapToRegistry using default registry
63 silly mapToRegistry registry https://registry.npmjs.org/
64 silly mapToRegistry uri https://registry.npmjs.org/nan
65 verbose request uri https://registry.npmjs.org/bindings
66 verbose request no auth needed
67 info attempt registry request try #1 at 2:53:44 PM
68 verbose etag "2RXG5K4RRQWEOOFOAOOKVPOZR"
69 http request GET https://registry.npmjs.org/bindings
70 verbose request uri https://registry.npmjs.org/nan
71 verbose request no auth needed
72 info attempt registry request try #1 at 2:53:44 PM
73 verbose etag "7CEDVJA24M9BXRU7SU6WRSW4M"
74 http request GET https://registry.npmjs.org/nan
75 http 304 https://registry.npmjs.org/nan
76 verbose headers { date: 'Mon, 07 Dec 2015 12:53:42 GMT',
76 verbose headers   via: '1.1 varnish',
76 verbose headers   'cache-control': 'max-age=60',
76 verbose headers   etag: '"7CEDVJA24M9BXRU7SU6WRSW4M"',
76 verbose headers   age: '10',
76 verbose headers   connection: 'keep-alive',
76 verbose headers   'x-served-by': 'cache-lhr6327-LHR',
76 verbose headers   'x-cache': 'HIT',
76 verbose headers   'x-cache-hits': '1',
76 verbose headers   'x-timer': 'S1449492822.734457,VS0,VE0',
76 verbose headers   vary: 'Accept' }
77 silly get cb [ 304,
77 silly get   { date: 'Mon, 07 Dec 2015 12:53:42 GMT',
77 silly get     via: '1.1 varnish',
77 silly get     'cache-control': 'max-age=60',
77 silly get     etag: '"7CEDVJA24M9BXRU7SU6WRSW4M"',
77 silly get     age: '10',
77 silly get     connection: 'keep-alive',
77 silly get     'x-served-by': 'cache-lhr6327-LHR',
77 silly get     'x-cache': 'HIT',
77 silly get     'x-cache-hits': '1',
77 silly get     'x-timer': 'S1449492822.734457,VS0,VE0',
77 silly get     vary: 'Accept' } ]
78 verbose etag https://registry.npmjs.org/nan from cache
79 verbose get saving nan to C:\Users\Clarissa\AppData\Roaming\npm-cache\registry.npmjs.org\nan\.cache.json
80 http 304 https://registry.npmjs.org/bindings
81 verbose headers { date: 'Mon, 07 Dec 2015 12:53:42 GMT',
81 verbose headers   via: '1.1 varnish',
81 verbose headers   'cache-control': 'max-age=60',
81 verbose headers   etag: '"2RXG5K4RRQWEOOFOAOOKVPOZR"',
81 verbose headers   age: '19',
81 verbose headers   connection: 'keep-alive',
81 verbose headers   'x-served-by': 'cache-lhr6335-LHR',
81 verbose headers   'x-cache': 'HIT',
81 verbose headers   'x-cache-hits': '3',
81 verbose headers   'x-timer': 'S1449492822.744739,VS0,VE0',
81 verbose headers   vary: 'Accept' }
82 silly get cb [ 304,
82 silly get   { date: 'Mon, 07 Dec 2015 12:53:42 GMT',
82 silly get     via: '1.1 varnish',
82 silly get     'cache-control': 'max-age=60',
82 silly get     etag: '"2RXG5K4RRQWEOOFOAOOKVPOZR"',
82 silly get     age: '19',
82 silly get     connection: 'keep-alive',
82 silly get     'x-served-by': 'cache-lhr6335-LHR',
82 silly get     'x-cache': 'HIT',
82 silly get     'x-cache-hits': '3',
82 silly get     'x-timer': 'S1449492822.744739,VS0,VE0',
82 silly get     vary: 'Accept' } ]
83 verbose etag https://registry.npmjs.org/bindings from cache
84 verbose get saving bindings to C:\Users\Clarissa\AppData\Roaming\npm-cache\registry.npmjs.org\bindings\.cache.json
85 silly resolveWithNewModule nan@2.0.5 checking installable status
86 silly cache add args [ 'nan@2.0.5', null ]
87 verbose cache add spec nan@2.0.5
88 silly cache add parsed spec Result {
88 silly cache add   raw: 'nan@2.0.5',
88 silly cache add   scope: null,
88 silly cache add   name: 'nan',
88 silly cache add   rawSpec: '2.0.5',
88 silly cache add   spec: '2.0.5',
88 silly cache add   type: 'version' }
89 silly addNamed nan@2.0.5
90 verbose addNamed "2.0.5" is a plain semver version for nan
91 silly mapToRegistry name nan
92 silly mapToRegistry using default registry
93 silly mapToRegistry registry https://registry.npmjs.org/
94 silly mapToRegistry uri https://registry.npmjs.org/nan
95 verbose addNameVersion registry:https://registry.npmjs.org/nan not in flight; fetching
96 silly resolveWithNewModule bindings@1.2.1 checking installable status
97 silly cache add args [ 'bindings@1.2.1', null ]
98 verbose cache add spec bindings@1.2.1
99 silly cache add parsed spec Result {
99 silly cache add   raw: 'bindings@1.2.1',
99 silly cache add   scope: null,
99 silly cache add   name: 'bindings',
99 silly cache add   rawSpec: '1.2.1',
99 silly cache add   spec: '1.2.1',
99 silly cache add   type: 'version' }
100 silly addNamed bindings@1.2.1
101 verbose addNamed "1.2.1" is a plain semver version for bindings
102 silly mapToRegistry name bindings
103 silly mapToRegistry using default registry
104 silly mapToRegistry registry https://registry.npmjs.org/
105 silly mapToRegistry uri https://registry.npmjs.org/bindings
106 verbose addNameVersion registry:https://registry.npmjs.org/bindings not in flight; fetching
107 verbose get https://registry.npmjs.org/nan not expired, no request
108 verbose get https://registry.npmjs.org/bindings not expired, no request
109 silly cache afterAdd bindings@1.2.1
110 verbose afterAdd C:\Users\Clarissa\AppData\Roaming\npm-cache\bindings\1.2.1\package\package.json not in flight; writing
111 verbose afterAdd C:\Users\Clarissa\AppData\Roaming\npm-cache\bindings\1.2.1\package\package.json written
112 silly cache afterAdd nan@2.0.5
113 verbose afterAdd C:\Users\Clarissa\AppData\Roaming\npm-cache\nan\2.0.5\package\package.json not in flight; writing
114 verbose afterAdd C:\Users\Clarissa\AppData\Roaming\npm-cache\nan\2.0.5\package\package.json written
115 silly loadAllDepsIntoIdealTree Finishing
116 silly idealTree:prePrune dial-a-fee@1.0.0
116 silly idealTree:prePrune ├── accepts@1.2.13
116 silly idealTree:prePrune ├── array-flatten@1.1.1
116 silly idealTree:prePrune ├── asn1.js@2.2.1
116 silly idealTree:prePrune ├── async@0.9.0
116 silly idealTree:prePrune ├── base64-url@1.2.1
116 silly idealTree:prePrune ├── base64url@1.0.5
116 silly idealTree:prePrune ├── basic-auth@1.0.3
116 silly idealTree:prePrune ├── bcrypt-nodejs@0.1.0
116 silly idealTree:prePrune ├── bcrypt@0.8.5
116 silly idealTree:prePrune ├── bindings@1.2.1
116 silly idealTree:prePrune ├── bluebird@2.9.26
116 silly idealTree:prePrune ├── bn.js@2.2.0
116 silly idealTree:prePrune ├─┬ body-parser@1.14.1
116 silly idealTree:prePrune │ ├── depd@1.1.0
116 silly idealTree:prePrune │ └── qs@5.1.0
116 silly idealTree:prePrune ├── bson@0.4.19
116 silly idealTree:prePrune ├── buffer-equal-constant-time@1.0.1
116 silly idealTree:prePrune ├── bytes@2.1.0
116 silly idealTree:prePrune ├── camelcase-keys@1.0.0
116 silly idealTree:prePrune ├── camelcase@1.2.1
116 silly idealTree:prePrune ├─┬ concat-stream@1.4.10
116 silly idealTree:prePrune │ └── readable-stream@1.1.13
116 silly idealTree:prePrune ├── content-disposition@0.5.0
116 silly idealTree:prePrune ├── content-type@1.0.1
116 silly idealTree:prePrune ├── cookie-signature@1.0.6
116 silly idealTree:prePrune ├── cookie@0.1.3
116 silly idealTree:prePrune ├── core-util-is@1.0.2
116 silly idealTree:prePrune ├── debug@2.2.0
116 silly idealTree:prePrune ├── depd@1.0.1
116 silly idealTree:prePrune ├── destroy@1.0.3
116 silly idealTree:prePrune ├── ecdsa-sig-formatter@1.0.2
116 silly idealTree:prePrune ├── ee-first@1.1.1
116 silly idealTree:prePrune ├── es6-promise@2.1.1
116 silly idealTree:prePrune ├── escape-html@1.0.2
116 silly idealTree:prePrune ├── etag@1.7.0
116 silly idealTree:prePrune ├── express@4.13.3
116 silly idealTree:prePrune ├── finalhandler@0.4.0
116 silly idealTree:prePrune ├── forwarded@0.1.0
116 silly idealTree:prePrune ├── fresh@0.3.0
116 silly idealTree:prePrune ├── get-stdin@4.0.1
116 silly idealTree:prePrune ├── hooks-fixed@1.1.0
116 silly idealTree:prePrune ├── http-errors@1.3.1
116 silly idealTree:prePrune ├── iconv-lite@0.4.12
116 silly idealTree:prePrune ├── indent-string@1.2.2
116 silly idealTree:prePrune ├── inherits@2.0.1
116 silly idealTree:prePrune ├── ipaddr.js@1.0.4
116 silly idealTree:prePrune ├── is-finite@1.0.1
116 silly idealTree:prePrune ├── isarray@0.0.1
116 silly idealTree:prePrune ├── jsonwebtoken@5.4.1
116 silly idealTree:prePrune ├─┬ jwa@1.1.1
116 silly idealTree:prePrune │ └── base64url@0.0.6
116 silly idealTree:prePrune ├── jws@3.1.0
116 silly idealTree:prePrune ├── jwt-simple@0.4.0
116 silly idealTree:prePrune ├── kareem@1.0.1
116 silly idealTree:prePrune ├── map-obj@1.0.1
116 silly idealTree:prePrune ├── media-typer@0.3.0
116 silly idealTree:prePrune ├── meow@2.0.0
116 silly idealTree:prePrune ├── merge-descriptors@1.0.0
116 silly idealTree:prePrune ├── methods@1.1.1
116 silly idealTree:prePrune ├── mime-db@1.20.0
116 silly idealTree:prePrune ├── mime-types@2.1.8
116 silly idealTree:prePrune ├── mime@1.3.4
116 silly idealTree:prePrune ├── minimalistic-assert@1.0.0
116 silly idealTree:prePrune ├── minimist@1.2.0
116 silly idealTree:prePrune ├── mongodb-core@1.2.24
116 silly idealTree:prePrune ├── mongodb@2.0.49
116 silly idealTree:prePrune ├── mongoose@4.2.9
116 silly idealTree:prePrune ├── morgan@1.6.1
116 silly idealTree:prePrune ├── mpath@0.1.1
116 silly idealTree:prePrune ├── mpromise@0.5.4
116 silly idealTree:prePrune ├── mquery@1.6.3
116 silly idealTree:prePrune ├── ms@0.7.1
116 silly idealTree:prePrune ├── muri@1.0.0
116 silly idealTree:prePrune ├── nan@2.0.5
116 silly idealTree:prePrune ├── negotiator@0.5.3
116 silly idealTree:prePrune ├── node-restful@0.2.4
116 silly idealTree:prePrune ├── number-is-nan@1.0.0
116 silly idealTree:prePrune ├── object-assign@1.0.0
116 silly idealTree:prePrune ├── on-finished@2.3.0
116 silly idealTree:prePrune ├── on-headers@1.0.1
116 silly idealTree:prePrune ├── parseurl@1.3.0
116 silly idealTree:prePrune ├── passport-jwt@1.2.1
116 silly idealTree:prePrune ├── passport-strategy@1.0.0
116 silly idealTree:prePrune ├── passport@0.3.2
116 silly idealTree:prePrune ├── path-to-regexp@0.1.7
116 silly idealTree:prePrune ├── pause@0.0.1
116 silly idealTree:prePrune ├── proxy-addr@1.0.9
116 silly idealTree:prePrune ├── qs@4.0.0
116 silly idealTree:prePrune ├── range-parser@1.0.3
116 silly idealTree:prePrune ├─┬ raw-body@2.1.5
116 silly idealTree:prePrune │ ├── bytes@2.2.0
116 silly idealTree:prePrune │ └── iconv-lite@0.4.13
116 silly idealTree:prePrune ├── readable-stream@1.0.31
116 silly idealTree:prePrune ├── regexp-clone@0.0.1
116 silly idealTree:prePrune ├── repeating@1.1.3
116 silly idealTree:prePrune ├── send@0.13.0
116 silly idealTree:prePrune ├── serve-static@1.10.0
116 silly idealTree:prePrune ├── sliced@0.0.5
116 silly idealTree:prePrune ├── statuses@1.2.1
116 silly idealTree:prePrune ├── string_decoder@0.10.31
116 silly idealTree:prePrune ├── type-is@1.6.10
116 silly idealTree:prePrune ├── typedarray@0.0.6
116 silly idealTree:prePrune ├── underscore@1.8.3
116 silly idealTree:prePrune ├── unpipe@1.0.0
116 silly idealTree:prePrune ├── utils-merge@1.0.0
116 silly idealTree:prePrune └── vary@1.0.1
117 silly loadIdealTree Finishing
118 silly currentTree dial-a-fee@1.0.0
118 silly currentTree ├── accepts@1.2.13
118 silly currentTree ├── array-flatten@1.1.1
118 silly currentTree ├── asn1.js@2.2.1
118 silly currentTree ├── async@0.9.0
118 silly currentTree ├── base64-url@1.2.1
118 silly currentTree ├── base64url@1.0.5
118 silly currentTree ├── basic-auth@1.0.3
118 silly currentTree ├── bcrypt-nodejs@0.1.0
118 silly currentTree ├── bluebird@2.9.26
118 silly currentTree ├── bn.js@2.2.0
118 silly currentTree ├─┬ body-parser@1.14.1
118 silly currentTree │ ├── depd@1.1.0
118 silly currentTree │ └── qs@5.1.0
118 silly currentTree ├── bson@0.4.19
118 silly currentTree ├── buffer-equal-constant-time@1.0.1
118 silly currentTree ├── bytes@2.1.0
118 silly currentTree ├── camelcase-keys@1.0.0
118 silly currentTree ├── camelcase@1.2.1
118 silly currentTree ├─┬ concat-stream@1.4.10
118 silly currentTree │ └── readable-stream@1.1.13
118 silly currentTree ├── content-disposition@0.5.0
118 silly currentTree ├── content-type@1.0.1
118 silly currentTree ├── cookie-signature@1.0.6
118 silly currentTree ├── cookie@0.1.3
118 silly currentTree ├── core-util-is@1.0.2
118 silly currentTree ├── debug@2.2.0
118 silly currentTree ├── depd@1.0.1
118 silly currentTree ├── destroy@1.0.3
118 silly currentTree ├── ecdsa-sig-formatter@1.0.2
118 silly currentTree ├── ee-first@1.1.1
118 silly currentTree ├── es6-promise@2.1.1
118 silly currentTree ├── escape-html@1.0.2
118 silly currentTree ├── etag@1.7.0
118 silly currentTree ├── express@4.13.3
118 silly currentTree ├── finalhandler@0.4.0
118 silly currentTree ├── forwarded@0.1.0
118 silly currentTree ├── fresh@0.3.0
118 silly currentTree ├── get-stdin@4.0.1
118 silly currentTree ├── hooks-fixed@1.1.0
118 silly currentTree ├── http-errors@1.3.1
118 silly currentTree ├── iconv-lite@0.4.12
118 silly currentTree ├── indent-string@1.2.2
118 silly currentTree ├── inherits@2.0.1
118 silly currentTree ├── ipaddr.js@1.0.4
118 silly currentTree ├── is-finite@1.0.1
118 silly currentTree ├── isarray@0.0.1
118 silly currentTree ├── jsonwebtoken@5.4.1
118 silly currentTree ├─┬ jwa@1.1.1
118 silly currentTree │ └── base64url@0.0.6
118 silly currentTree ├── jws@3.1.0
118 silly currentTree ├── jwt-simple@0.4.0
118 silly currentTree ├── kareem@1.0.1
118 silly currentTree ├── map-obj@1.0.1
118 silly currentTree ├── media-typer@0.3.0
118 silly currentTree ├── meow@2.0.0
118 silly currentTree ├── merge-descriptors@1.0.0
118 silly currentTree ├── methods@1.1.1
118 silly currentTree ├── mime-db@1.20.0
118 silly currentTree ├── mime-types@2.1.8
118 silly currentTree ├── mime@1.3.4
118 silly currentTree ├── minimalistic-assert@1.0.0
118 silly currentTree ├── minimist@1.2.0
118 silly currentTree ├── mongodb-core@1.2.24
118 silly currentTree ├── mongodb@2.0.49
118 silly currentTree ├── mongoose@4.2.9
118 silly currentTree ├── morgan@1.6.1
118 silly currentTree ├── mpath@0.1.1
118 silly currentTree ├── mpromise@0.5.4
118 silly currentTree ├── mquery@1.6.3
118 silly currentTree ├── ms@0.7.1
118 silly currentTree ├── muri@1.0.0
118 silly currentTree ├── negotiator@0.5.3
118 silly currentTree ├── node-restful@0.2.4
118 silly currentTree ├── number-is-nan@1.0.0
118 silly currentTree ├── object-assign@1.0.0
118 silly currentTree ├── on-finished@2.3.0
118 silly currentTree ├── on-headers@1.0.1
118 silly currentTree ├── parseurl@1.3.0
118 silly currentTree ├── passport-jwt@1.2.1
118 silly currentTree ├── passport-strategy@1.0.0
118 silly currentTree ├── passport@0.3.2
118 silly currentTree ├── path-to-regexp@0.1.7
118 silly currentTree ├── pause@0.0.1
118 silly currentTree ├── proxy-addr@1.0.9
118 silly currentTree ├── qs@4.0.0
118 silly currentTree ├── range-parser@1.0.3
118 silly currentTree ├─┬ raw-body@2.1.5
118 silly currentTree │ ├── bytes@2.2.0
118 silly currentTree │ └── iconv-lite@0.4.13
118 silly currentTree ├── readable-stream@1.0.31
118 silly currentTree ├── regexp-clone@0.0.1
118 silly currentTree ├── repeating@1.1.3
118 silly currentTree ├── send@0.13.0
118 silly currentTree ├── serve-static@1.10.0
118 silly currentTree ├── sliced@0.0.5
118 silly currentTree ├── statuses@1.2.1
118 silly currentTree ├── string_decoder@0.10.31
118 silly currentTree ├── type-is@1.6.10
118 silly currentTree ├── typedarray@0.0.6
118 silly currentTree ├── underscore@1.8.3
118 silly currentTree ├── unpipe@1.0.0
118 silly currentTree ├── utils-merge@1.0.0
118 silly currentTree └── vary@1.0.1
119 silly idealTree dial-a-fee@1.0.0
119 silly idealTree ├── accepts@1.2.13
119 silly idealTree ├── array-flatten@1.1.1
119 silly idealTree ├── asn1.js@2.2.1
119 silly idealTree ├── async@0.9.0
119 silly idealTree ├── base64-url@1.2.1
119 silly idealTree ├── base64url@1.0.5
119 silly idealTree ├── basic-auth@1.0.3
119 silly idealTree ├── bcrypt-nodejs@0.1.0
119 silly idealTree ├── bcrypt@0.8.5
119 silly idealTree ├── bluebird@2.9.26
119 silly idealTree ├── bn.js@2.2.0
119 silly idealTree ├─┬ body-parser@1.14.1
119 silly idealTree │ ├── depd@1.1.0
119 silly idealTree │ └── qs@5.1.0
119 silly idealTree ├── bson@0.4.19
119 silly idealTree ├── buffer-equal-constant-time@1.0.1
119 silly idealTree ├── bytes@2.1.0
119 silly idealTree ├── camelcase-keys@1.0.0
119 silly idealTree ├── camelcase@1.2.1
119 silly idealTree ├─┬ concat-stream@1.4.10
119 silly idealTree │ └── readable-stream@1.1.13
119 silly idealTree ├── content-disposition@0.5.0
119 silly idealTree ├── content-type@1.0.1
119 silly idealTree ├── cookie-signature@1.0.6
119 silly idealTree ├── cookie@0.1.3
119 silly idealTree ├── core-util-is@1.0.2
119 silly idealTree ├── debug@2.2.0
119 silly idealTree ├── depd@1.0.1
119 silly idealTree ├── destroy@1.0.3
119 silly idealTree ├── ecdsa-sig-formatter@1.0.2
119 silly idealTree ├── ee-first@1.1.1
119 silly idealTree ├── es6-promise@2.1.1
119 silly idealTree ├── escape-html@1.0.2
119 silly idealTree ├── etag@1.7.0
119 silly idealTree ├── express@4.13.3
119 silly idealTree ├── finalhandler@0.4.0
119 silly idealTree ├── forwarded@0.1.0
119 silly idealTree ├── fresh@0.3.0
119 silly idealTree ├── get-stdin@4.0.1
119 silly idealTree ├── hooks-fixed@1.1.0
119 silly idealTree ├── http-errors@1.3.1
119 silly idealTree ├── iconv-lite@0.4.12
119 silly idealTree ├── indent-string@1.2.2
119 silly idealTree ├── inherits@2.0.1
119 silly idealTree ├── ipaddr.js@1.0.4
119 silly idealTree ├── is-finite@1.0.1
119 silly idealTree ├── isarray@0.0.1
119 silly idealTree ├── jsonwebtoken@5.4.1
119 silly idealTree ├─┬ jwa@1.1.1
119 silly idealTree │ └── base64url@0.0.6
119 silly idealTree ├── jws@3.1.0
119 silly idealTree ├── jwt-simple@0.4.0
119 silly idealTree ├── kareem@1.0.1
119 silly idealTree ├── map-obj@1.0.1
119 silly idealTree ├── media-typer@0.3.0
119 silly idealTree ├── meow@2.0.0
119 silly idealTree ├── merge-descriptors@1.0.0
119 silly idealTree ├── methods@1.1.1
119 silly idealTree ├── mime-db@1.20.0
119 silly idealTree ├── mime-types@2.1.8
119 silly idealTree ├── mime@1.3.4
119 silly idealTree ├── minimalistic-assert@1.0.0
119 silly idealTree ├── minimist@1.2.0
119 silly idealTree ├── mongodb-core@1.2.24
119 silly idealTree ├── mongodb@2.0.49
119 silly idealTree ├── mongoose@4.2.9
119 silly idealTree ├── morgan@1.6.1
119 silly idealTree ├── mpath@0.1.1
119 silly idealTree ├── mpromise@0.5.4
119 silly idealTree ├── mquery@1.6.3
119 silly idealTree ├── ms@0.7.1
119 silly idealTree ├── muri@1.0.0
119 silly idealTree ├── negotiator@0.5.3
119 silly idealTree ├── node-restful@0.2.4
119 silly idealTree ├── number-is-nan@1.0.0
119 silly idealTree ├── object-assign@1.0.0
119 silly idealTree ├── on-finished@2.3.0
119 silly idealTree ├── on-headers@1.0.1
119 silly idealTree ├── parseurl@1.3.0
119 silly idealTree ├── passport-jwt@1.2.1
119 silly idealTree ├── passport-strategy@1.0.0
119 silly idealTree ├── passport@0.3.2
119 silly idealTree ├── path-to-regexp@0.1.7
119 silly idealTree ├── pause@0.0.1
119 silly idealTree ├── proxy-addr@1.0.9
119 silly idealTree ├── qs@4.0.0
119 silly idealTree ├── range-parser@1.0.3
119 silly idealTree ├─┬ raw-body@2.1.5
119 silly idealTree │ ├── bytes@2.2.0
119 silly idealTree │ └── iconv-lite@0.4.13
119 silly idealTree ├── readable-stream@1.0.31
119 silly idealTree ├── regexp-clone@0.0.1
119 silly idealTree ├── repeating@1.1.3
119 silly idealTree ├── send@0.13.0
119 silly idealTree ├── serve-static@1.10.0
119 silly idealTree ├── sliced@0.0.5
119 silly idealTree ├── statuses@1.2.1
119 silly idealTree ├── string_decoder@0.10.31
119 silly idealTree ├── type-is@1.6.10
119 silly idealTree ├── typedarray@0.0.6
119 silly idealTree ├── underscore@1.8.3
119 silly idealTree ├── unpipe@1.0.0
119 silly idealTree ├── utils-merge@1.0.0
119 silly idealTree └── vary@1.0.1
120 silly generateActionsToTake Starting
121 silly install generateActionsToTake
122 silly generateActionsToTake Finishing
123 silly diffTrees action count 1
124 silly diffTrees add bcrypt@0.8.5
125 silly decomposeActions action count 8
126 silly decomposeActions fetch bcrypt@0.8.5
127 silly decomposeActions extract bcrypt@0.8.5
128 silly decomposeActions preinstall bcrypt@0.8.5
129 silly decomposeActions build bcrypt@0.8.5
130 silly decomposeActions install bcrypt@0.8.5
131 silly decomposeActions postinstall bcrypt@0.8.5
132 silly decomposeActions test bcrypt@0.8.5
133 silly decomposeActions finalize bcrypt@0.8.5
134 silly executeActions Starting
135 silly install executeActions
136 silly doSerial global-install 0
137 silly doParallel fetch 1
138 verbose lock using C:\Users\Clarissa\AppData\Roaming\npm-cache\_locks\staging-d841ed984a5a325a.lock for C:\Development\Node\Dial-a-Fee\node_modules\.staging
139 silly doParallel extract 1
140 silly extract bcrypt@0.8.5
141 verbose unbuild node_modules\.staging\bcrypt-3acbad388d29452b66cfeddc95fd49db
142 silly gentlyRm C:\Development\Node\Dial-a-Fee\node_modules\.staging\bcrypt-3acbad388d29452b66cfeddc95fd49db is being purged from base C:\Development\Node\Dial-a-Fee
143 verbose gentlyRm don't care about contents; nuking C:\Development\Node\Dial-a-Fee\node_modules\.staging\bcrypt-3acbad388d29452b66cfeddc95fd49db
144 verbose tar unpack C:\Users\Clarissa\AppData\Roaming\npm-cache\bcrypt\0.8.5\package.tgz
145 verbose tar unpacking to C:\Development\Node\Dial-a-Fee\node_modules\.staging\bcrypt-3acbad388d29452b66cfeddc95fd49db
146 silly gentlyRm C:\Development\Node\Dial-a-Fee\node_modules\.staging\bcrypt-3acbad388d29452b66cfeddc95fd49db is being purged
147 verbose gentlyRm don't care about contents; nuking C:\Development\Node\Dial-a-Fee\node_modules\.staging\bcrypt-3acbad388d29452b66cfeddc95fd49db
148 silly gunzTarPerm modes [ '777', '666' ]
149 silly gunzTarPerm extractEntry package.json
150 silly gunzTarPerm modified mode [ 'package.json', 420, 438 ]
151 silly gunzTarPerm extractEntry .npmignore
152 silly gunzTarPerm modified mode [ '.npmignore', 420, 438 ]
153 silly gunzTarPerm extractEntry README.md
154 silly gunzTarPerm modified mode [ 'README.md', 420, 438 ]
155 silly gunzTarPerm extractEntry LICENSE
156 silly gunzTarPerm modified mode [ 'LICENSE', 420, 438 ]
157 silly gunzTarPerm extractEntry bcrypt.js
158 silly gunzTarPerm modified mode [ 'bcrypt.js', 420, 438 ]
159 silly gunzTarPerm extractEntry binding.gyp
160 silly gunzTarPerm modified mode [ 'binding.gyp', 420, 438 ]
161 silly gunzTarPerm extractEntry .travis.yml
162 silly gunzTarPerm modified mode [ '.travis.yml', 420, 438 ]
163 silly gunzTarPerm extractEntry CHANGELOG.md
164 silly gunzTarPerm modified mode [ 'CHANGELOG.md', 420, 438 ]
165 silly gunzTarPerm extractEntry examples/async_compare.js
166 silly gunzTarPerm modified mode [ 'examples/async_compare.js', 420, 438 ]
167 silly gunzTarPerm extractEntry examples/forever_gen_salt.js
168 silly gunzTarPerm modified mode [ 'examples/forever_gen_salt.js', 420, 438 ]
169 silly gunzTarPerm extractEntry test/async.js
170 silly gunzTarPerm modified mode [ 'test/async.js', 420, 438 ]
171 silly gunzTarPerm extractEntry test/repetitions.js
172 silly gunzTarPerm modified mode [ 'test/repetitions.js', 420, 438 ]
173 silly gunzTarPerm extractEntry test/sync.js
174 silly gunzTarPerm modified mode [ 'test/sync.js', 420, 438 ]
175 silly gunzTarPerm extractEntry Makefile
176 silly gunzTarPerm modified mode [ 'Makefile', 420, 438 ]
177 silly gunzTarPerm extractEntry src/bcrypt.cc
178 silly gunzTarPerm modified mode [ 'src/bcrypt.cc', 420, 438 ]
179 silly gunzTarPerm extractEntry src/bcrypt_node.cc
180 silly gunzTarPerm modified mode [ 'src/bcrypt_node.cc', 420, 438 ]
181 silly gunzTarPerm extractEntry src/blowfish.cc
182 silly gunzTarPerm modified mode [ 'src/blowfish.cc', 420, 438 ]
183 silly gunzTarPerm extractEntry src/node_blf.h
184 silly gunzTarPerm modified mode [ 'src/node_blf.h', 420, 438 ]
185 silly gunzTarPerm extractEntry werker.yml
186 silly gunzTarPerm modified mode [ 'werker.yml', 420, 438 ]
187 silly doParallel preinstall 1
188 silly preinstall bcrypt@0.8.5 C:\Development\Node\Dial-a-Fee\node_modules\.staging\bcrypt-3acbad388d29452b66cfeddc95fd49db
189 info lifecycle bcrypt@0.8.5~preinstall: bcrypt@0.8.5
190 silly lifecycle bcrypt@0.8.5~preinstall: no script for preinstall, continuing
191 silly doReverseSerial remove 0
192 silly doSerial move 0
193 silly doSerial finalize 1
194 silly finalize C:\Development\Node\Dial-a-Fee\node_modules\bcrypt
195 silly doSerial build 1
196 silly build bcrypt@0.8.5
197 info linkStuff bcrypt@0.8.5
198 silly linkStuff bcrypt@0.8.5 has C:\Development\Node\Dial-a-Fee\node_modules as its parent node_modules
199 verbose linkBins bcrypt@0.8.5
200 verbose linkMans bcrypt@0.8.5
201 silly doSerial global-link 0
202 silly doParallel update-linked 0
203 silly doSerial install 1
204 silly install bcrypt@0.8.5 C:\Development\Node\Dial-a-Fee\node_modules\.staging\bcrypt-3acbad388d29452b66cfeddc95fd49db
205 info lifecycle bcrypt@0.8.5~install: bcrypt@0.8.5
206 verbose lifecycle bcrypt@0.8.5~install: unsafe-perm in lifecycle true
207 verbose lifecycle bcrypt@0.8.5~install: PATH: C:\Users\Clarissa\AppData\Roaming\npm\node_modules\npm\bin\node-gyp-bin;C:\Development\Node\Dial-a-Fee\node_modules\bcrypt\node_modules\.bin;C:\Development\Node\Dial-a-Fee\node_modules\.bin;C:\Program Files\Git\cmd;C:\ProgramData\Oracle\Java\javapath;C:\Windows\system32;C:\Windows;C:\Windows\System32\Wbem;C:\Windows\System32\WindowsPowerShell\v1.0\;C:\Program Files\Git\cmd;C:\Program Files\Git\mingw64\bin;C:\Program Files\Git\usr\bin;C:\Program Files (x86)\Skype\Phone\;C:\Program Files\nodejs\;C:\Ruby22-x64\bin;C:\Program Files\Java\jdk1.8.0_65\bin;C:\Development\apache-ant-1.9.6\bin;C:\Development\android-sdk-windows\tools;C:\Development\android-sdk-windows\platforms-tools;C:\Users\Clarissa\AppData\Roaming\npm
208 verbose lifecycle bcrypt@0.8.5~install: CWD: C:\Development\Node\Dial-a-Fee\node_modules\bcrypt
209 silly lifecycle bcrypt@0.8.5~install: Args: [ '/d /s /c', 'node-gyp rebuild' ]
210 silly lifecycle bcrypt@0.8.5~install: Returned: code: 1  signal: null
211 info lifecycle bcrypt@0.8.5~install: Failed to exec install script
212 verbose unlock done using C:\Users\Clarissa\AppData\Roaming\npm-cache\_locks\staging-d841ed984a5a325a.lock for C:\Development\Node\Dial-a-Fee\node_modules\.staging
213 silly rollbackFailedOptional Starting
214 silly rollbackFailedOptional Finishing
215 silly runTopLevelLifecycles Starting
216 silly runTopLevelLifecycles Finishing
217 silly install printInstalled
218 warn EPEERINVALID mongodb-core@1.2.24 requires a peer of kerberos@~0.0 but none was installed.
219 warn EPACKAGEJSON dial-a-fee@1.0.0 No description
220 warn EPACKAGEJSON dial-a-fee@1.0.0 No repository field.
221 verbose stack Error: bcrypt@0.8.5 install: `node-gyp rebuild`
221 verbose stack Exit status 1
221 verbose stack     at EventEmitter.<anonymous> (C:\Users\Clarissa\AppData\Roaming\npm\node_modules\npm\lib\utils\lifecycle.js:232:16)
221 verbose stack     at emitTwo (events.js:87:13)
221 verbose stack     at EventEmitter.emit (events.js:172:7)
221 verbose stack     at ChildProcess.<anonymous> (C:\Users\Clarissa\AppData\Roaming\npm\node_modules\npm\lib\utils\spawn.js:24:14)
221 verbose stack     at emitTwo (events.js:87:13)
221 verbose stack     at ChildProcess.emit (events.js:172:7)
221 verbose stack     at maybeClose (internal/child_process.js:818:16)
221 verbose stack     at Process.ChildProcess._handle.onexit (internal/child_process.js:211:5)
222 verbose pkgid bcrypt@0.8.5
223 verbose cwd C:\Development\Node\Dial-a-Fee
224 error Windows_NT 6.1.7601
225 error argv "C:\\Program Files\\nodejs\\node.exe" "C:\\Users\\Clarissa\\AppData\\Roaming\\npm\\node_modules\\npm\\bin\\npm-cli.js" "install" "--save" "bcrypt"
226 error node v5.1.1
227 error npm  v3.3.12
228 error code ELIFECYCLE
229 error bcrypt@0.8.5 install: `node-gyp rebuild`
229 error Exit status 1
230 error Failed at the bcrypt@0.8.5 install script 'node-gyp rebuild'.
230 error Make sure you have the latest version of node.js and npm installed.
230 error If you do, this is most likely a problem with the bcrypt package,
230 error not with npm itself.
230 error Tell the author that this fails on your system:
230 error     node-gyp rebuild
230 error You can get their info via:
230 error     npm owner ls bcrypt
230 error There is likely additional logging output above.
231 verbose exit [ 1, true ]
